Started GET "/" for ::1 at 2016-09-29 11:51:50 -0700
Processing by Rails::WelcomeController#index as HTML
  Parameters: {"internal"=>true}
  Rendering /Users/paul/.rbenv/versions/2.3.1/lib/ruby/gems/2.3.0/gems/railties-5.0.0.1/lib/rails/templates/rails/welcome/index.html.erb
  Rendered /Users/paul/.rbenv/versions/2.3.1/lib/ruby/gems/2.3.0/gems/railties-5.0.0.1/lib/rails/templates/rails/welcome/index.html.erb (5.1ms)
Completed 200 OK in 24ms (Views: 11.0ms | ActiveRecord: 0.0ms)


Started GET "/" for ::1 at 2016-09-30 11:44:22 -0700
  
ActiveRecord::PendingMigrationError (

Migrations are pending. To resolve this issue, run:

	bin/rails db:migrate RAILS_ENV=development

):
  
activerecord (5.0.0.1) lib/active_record/migration.rb:572:in `check_pending!'
activerecord (5.0.0.1) lib/active_record/migration.rb:548:in `call'
actionpack (5.0.0.1) lib/action_dispatch/middleware/callbacks.rb:38:in `block in call'
activesupport (5.0.0.1) lib/active_support/callbacks.rb:97:in `__run_callbacks__'
activesupport (5.0.0.1) lib/active_support/callbacks.rb:750:in `_run_call_callbacks'
activesupport (5.0.0.1) lib/active_support/callbacks.rb:90:in `run_callbacks'
actionpack (5.0.0.1) lib/action_dispatch/middleware/callbacks.rb:36:in `call'
actionpack (5.0.0.1) lib/action_dispatch/middleware/executor.rb:12:in `call'
actionpack (5.0.0.1) lib/action_dispatch/middleware/remote_ip.rb:79:in `call'
actionpack (5.0.0.1) lib/action_dispatch/middleware/debug_exceptions.rb:49:in `call'
web-console (3.3.1) lib/web_console/middleware.rb:131:in `call_app'
web-console (3.3.1) lib/web_console/middleware.rb:28:in `block in call'
web-console (3.3.1) lib/web_console/middleware.rb:18:in `catch'
web-console (3.3.1) lib/web_console/middleware.rb:18:in `call'
actionpack (5.0.0.1) lib/action_dispatch/middleware/show_exceptions.rb:31:in `call'
railties (5.0.0.1) lib/rails/rack/logger.rb:36:in `call_app'
railties (5.0.0.1) lib/rails/rack/logger.rb:24:in `block in call'
activesupport (5.0.0.1) lib/active_support/tagged_logging.rb:70:in `block in tagged'
activesupport (5.0.0.1) lib/active_support/tagged_logging.rb:26:in `tagged'
activesupport (5.0.0.1) lib/active_support/tagged_logging.rb:70:in `tagged'
railties (5.0.0.1) lib/rails/rack/logger.rb:24:in `call'
sprockets-rails (3.2.0) lib/sprockets/rails/quiet_assets.rb:13:in `call'
actionpack (5.0.0.1) lib/action_dispatch/middleware/request_id.rb:24:in `call'
rack (2.0.1) lib/rack/method_override.rb:22:in `call'
rack (2.0.1) lib/rack/runtime.rb:22:in `call'
activesupport (5.0.0.1) lib/active_support/cache/strategy/local_cache_middleware.rb:28:in `call'
actionpack (5.0.0.1) lib/action_dispatch/middleware/executor.rb:12:in `call'
actionpack (5.0.0.1) lib/action_dispatch/middleware/static.rb:136:in `call'
rack (2.0.1) lib/rack/sendfile.rb:111:in `call'
railties (5.0.0.1) lib/rails/engine.rb:522:in `call'
puma (3.6.0) lib/puma/configuration.rb:225:in `call'
puma (3.6.0) lib/puma/server.rb:578:in `handle_request'
puma (3.6.0) lib/puma/server.rb:415:in `process_client'
puma (3.6.0) lib/puma/server.rb:275:in `block in run'
puma (3.6.0) lib/puma/thread_pool.rb:116:in `block in spawn_thread'
  Rendering /Users/paul/.rbenv/versions/2.3.1/lib/ruby/gems/2.3.0/gems/actionpack-5.0.0.1/lib/action_dispatch/middleware/templates/rescues/diagnostics.html.erb within rescues/layout
  Rendering /Users/paul/.rbenv/versions/2.3.1/lib/ruby/gems/2.3.0/gems/actionpack-5.0.0.1/lib/action_dispatch/middleware/templates/rescues/_source.html.erb
  Rendered /Users/paul/.rbenv/versions/2.3.1/lib/ruby/gems/2.3.0/gems/actionpack-5.0.0.1/lib/action_dispatch/middleware/templates/rescues/_source.html.erb (2.8ms)
  Rendering /Users/paul/.rbenv/versions/2.3.1/lib/ruby/gems/2.3.0/gems/actionpack-5.0.0.1/lib/action_dispatch/middleware/templates/rescues/_trace.html.erb
  Rendered /Users/paul/.rbenv/versions/2.3.1/lib/ruby/gems/2.3.0/gems/actionpack-5.0.0.1/lib/action_dispatch/middleware/templates/rescues/_trace.html.erb (1.8ms)
  Rendering /Users/paul/.rbenv/versions/2.3.1/lib/ruby/gems/2.3.0/gems/actionpack-5.0.0.1/lib/action_dispatch/middleware/templates/rescues/_request_and_response.html.erb
  Rendered /Users/paul/.rbenv/versions/2.3.1/lib/ruby/gems/2.3.0/gems/actionpack-5.0.0.1/lib/action_dispatch/middleware/templates/rescues/_request_and_response.html.erb (1.0ms)
  Rendered /Users/paul/.rbenv/versions/2.3.1/lib/ruby/gems/2.3.0/gems/actionpack-5.0.0.1/lib/action_dispatch/middleware/templates/rescues/diagnostics.html.erb within rescues/layout (100.7ms)
  [1m[35m (1.3ms)[0m  [1m[35mCREATE TABLE "schema_migrations" ("version" varchar NOT NULL PRIMARY KEY)[0m
  [1m[35m (0.9ms)[0m  [1m[35mCREATE TABLE "ar_internal_metadata" ("key" varchar NOT NULL PRIMARY KEY, "value" varchar, "created_at" datetime NOT NULL, "updated_at" datetime NOT NULL)[0m
  [1m[36mActiveRecord::SchemaMigration Load (0.2ms)[0m  [1m[34mSELECT "schema_migrations".* FROM "schema_migrations"[0m
Migrating to CreateDealings (20160930184333)
  [1m[35m (0.1ms)[0m  [1m[36mbegin transaction[0m
  [1m[35m (0.4ms)[0m  [1m[35mCREATE TABLE "dealings" ("id" INTEGER PRIMARY KEY AUTOINCREMENT NOT NULL, "due_date" date, "created_at" datetime NOT NULL, "updated_at" datetime NOT NULL)[0m
  [1m[35mSQL (0.2ms)[0m  [1m[32mINSERT INTO "schema_migrations" ("version") VALUES (?)[0m  [["version", "20160930184333"]]
  [1m[35m (0.7ms)[0m  [1m[36mcommit transaction[0m
  [1m[36mActiveRecord::InternalMetadata Load (0.1ms)[0m  [1m[34mSELECT  "ar_internal_metadata".* FROM "ar_internal_metadata" WHERE "ar_internal_metadata"."key" = ? LIMIT ?[0m  [["key", :environment], ["LIMIT", 1]]
  [1m[35m (0.1ms)[0m  [1m[36mbegin transaction[0m
  [1m[35mSQL (0.3ms)[0m  [1m[32mINSERT INTO "ar_internal_metadata" ("key", "value", "created_at", "updated_at") VALUES (?, ?, ?, ?)[0m  [["key", "environment"], ["value", "development"], ["created_at", 2016-09-30 18:44:34 UTC], ["updated_at", 2016-09-30 18:44:34 UTC]]
  [1m[35m (0.8ms)[0m  [1m[36mcommit transaction[0m
  [1m[36mActiveRecord::SchemaMigration Load (0.1ms)[0m  [1m[34mSELECT "schema_migrations".* FROM "schema_migrations"[0m
Started GET "/" for ::1 at 2016-09-30 11:44:36 -0700
  [1m[36mActiveRecord::SchemaMigration Load (0.2ms)[0m  [1m[34mSELECT "schema_migrations".* FROM "schema_migrations"[0m
Processing by DealingsController#index as HTML
  Rendering dealings/index.html.erb within layouts/application
  [1m[36mDealing Load (0.2ms)[0m  [1m[34mSELECT "dealings".* FROM "dealings"[0m
  Rendered dealings/index.html.erb within layouts/application (3.0ms)
Completed 200 OK in 586ms (Views: 571.1ms | ActiveRecord: 0.5ms)


  [1m[36mActiveRecord::SchemaMigration Load (0.2ms)[0m  [1m[34mSELECT "schema_migrations".* FROM "schema_migrations"[0m
Migrating to DeviseCreateUsers (20160930184628)
  [1m[35m (0.1ms)[0m  [1m[36mbegin transaction[0m
  [1m[35m (0.5ms)[0m  [1m[35mCREATE TABLE "users" ("id" INTEGER PRIMARY KEY AUTOINCREMENT NOT NULL, "email" varchar, "encrypted_password" varchar DEFAULT '' NOT NULL, "reset_password_token" varchar, "reset_password_sent_at" datetime, "remember_created_at" datetime, "sign_in_count" integer DEFAULT 0 NOT NULL, "current_sign_in_at" datetime, "last_sign_in_at" datetime, "current_sign_in_ip" varchar, "last_sign_in_ip" varchar, "password_digest" varchar, "created_at" datetime NOT NULL, "updated_at" datetime NOT NULL)[0m
  [1m[35m (0.1ms)[0m  [1m[34mselect sqlite_version(*)[0m
  [1m[35m (0.3ms)[0m  [1m[35mCREATE UNIQUE INDEX "index_users_on_email" ON "users" ("email")[0m
  [1m[35m (0.1ms)[0m  [1m[34m            SELECT sql
            FROM sqlite_master
            WHERE name='index_users_on_email' AND type='index'
            UNION ALL
            SELECT sql
            FROM sqlite_temp_master
            WHERE name='index_users_on_email' AND type='index'
[0m
  [1m[35m (0.1ms)[0m  [1m[35mCREATE UNIQUE INDEX "index_users_on_reset_password_token" ON "users" ("reset_password_token")[0m
  [1m[35mSQL (0.2ms)[0m  [1m[32mINSERT INTO "schema_migrations" ("version") VALUES (?)[0m  [["version", "20160930184628"]]
  [1m[35m (2.6ms)[0m  [1m[36mcommit transaction[0m
  [1m[36mActiveRecord::InternalMetadata Load (0.2ms)[0m  [1m[34mSELECT  "ar_internal_metadata".* FROM "ar_internal_metadata" WHERE "ar_internal_metadata"."key" = ? LIMIT ?[0m  [["key", :environment], ["LIMIT", 1]]
  [1m[35m (0.1ms)[0m  [1m[36mbegin transaction[0m
  [1m[35m (0.0ms)[0m  [1m[36mcommit transaction[0m
  [1m[36mActiveRecord::SchemaMigration Load (0.1ms)[0m  [1m[34mSELECT "schema_migrations".* FROM "schema_migrations"[0m
  [1m[35m (0.1ms)[0m  [1m[34m            SELECT sql
            FROM sqlite_master
            WHERE name='index_users_on_reset_password_token' AND type='index'
            UNION ALL
            SELECT sql
            FROM sqlite_temp_master
            WHERE name='index_users_on_reset_password_token' AND type='index'
[0m
  [1m[35m (0.1ms)[0m  [1m[34m            SELECT sql
            FROM sqlite_master
            WHERE name='index_users_on_email' AND type='index'
            UNION ALL
            SELECT sql
            FROM sqlite_temp_master
            WHERE name='index_users_on_email' AND type='index'
[0m
  [1m[36mActiveRecord::SchemaMigration Load (0.1ms)[0m  [1m[34mSELECT "schema_migrations".* FROM "schema_migrations"[0m
  [1m[36mActiveRecord::InternalMetadata Load (0.2ms)[0m  [1m[34mSELECT  "ar_internal_metadata".* FROM "ar_internal_metadata" WHERE "ar_internal_metadata"."key" = ? LIMIT ?[0m  [["key", :environment], ["LIMIT", 1]]
  [1m[35m (0.1ms)[0m  [1m[36mbegin transaction[0m
  [1m[35m (0.0ms)[0m  [1m[36mcommit transaction[0m
  [1m[36mActiveRecord::SchemaMigration Load (0.1ms)[0m  [1m[34mSELECT "schema_migrations".* FROM "schema_migrations"[0m
  [1m[35m (0.1ms)[0m  [1m[34m            SELECT sql
            FROM sqlite_master
            WHERE name='index_users_on_reset_password_token' AND type='index'
            UNION ALL
            SELECT sql
            FROM sqlite_temp_master
            WHERE name='index_users_on_reset_password_token' AND type='index'
[0m
  [1m[35m (0.1ms)[0m  [1m[34m            SELECT sql
            FROM sqlite_master
            WHERE name='index_users_on_email' AND type='index'
            UNION ALL
            SELECT sql
            FROM sqlite_temp_master
            WHERE name='index_users_on_email' AND type='index'
[0m
Started GET "/" for ::1 at 2016-09-30 12:16:52 -0700
  [1m[36mActiveRecord::SchemaMigration Load (0.2ms)[0m  [1m[34mSELECT "schema_migrations".* FROM "schema_migrations"[0m
Processing by DealingsController#index as HTML
  [1m[36mUser Load (0.3ms)[0m  [1m[34mSELECT  "users".* FROM "users" WHERE "users"."id" = ? ORDER BY "users"."id" ASC LIMIT ?[0m  [["id", 1], ["LIMIT", 1]]
Completed 401 Unauthorized in 31ms (ActiveRecord: 1.0ms)


Started GET "/users/sign_in" for ::1 at 2016-09-30 12:16:52 -0700
Processing by Devise::SessionsController#new as HTML
  Rendering /Users/paul/.rbenv/versions/2.2.3/lib/ruby/gems/2.2.0/gems/devise-4.2.0/app/views/devise/sessions/new.html.erb within layouts/application
  Rendered /Users/paul/.rbenv/versions/2.2.3/lib/ruby/gems/2.2.0/gems/devise-4.2.0/app/views/devise/shared/_links.html.erb (1.3ms)
  Rendered /Users/paul/.rbenv/versions/2.2.3/lib/ruby/gems/2.2.0/gems/devise-4.2.0/app/views/devise/sessions/new.html.erb within layouts/application (24.4ms)
Completed 500 Internal Server Error in 642ms (ActiveRecord: 0.0ms)


  
ActionView::Template::Error (undefined local variable or method `logout_path' for #<#<Class:0x007fadf9f3eab8>:0x007fadf9f2e370>):
    16:         </div>
    17:     <% else %>
    18:       <div style='float: right;'>
    19:         <%= link_to "Logout", logout_path, method: :delete %> 
    20:       </div>
    21:     <% end %>
    22: 
  
app/views/layouts/application.html.erb:19:in `_app_views_layouts_application_html_erb___904313542537449023_70192626509440'
  Rendering /Users/paul/.rbenv/versions/2.2.3/lib/ruby/gems/2.2.0/gems/actionpack-5.0.0.1/lib/action_dispatch/middleware/templates/rescues/template_error.html.erb within rescues/layout
  Rendering /Users/paul/.rbenv/versions/2.2.3/lib/ruby/gems/2.2.0/gems/actionpack-5.0.0.1/lib/action_dispatch/middleware/templates/rescues/_source.html.erb
  Rendered /Users/paul/.rbenv/versions/2.2.3/lib/ruby/gems/2.2.0/gems/actionpack-5.0.0.1/lib/action_dispatch/middleware/templates/rescues/_source.html.erb (8.5ms)
  Rendering /Users/paul/.rbenv/versions/2.2.3/lib/ruby/gems/2.2.0/gems/actionpack-5.0.0.1/lib/action_dispatch/middleware/templates/rescues/_trace.html.erb
  Rendered /Users/paul/.rbenv/versions/2.2.3/lib/ruby/gems/2.2.0/gems/actionpack-5.0.0.1/lib/action_dispatch/middleware/templates/rescues/_trace.html.erb (4.1ms)
  Rendering /Users/paul/.rbenv/versions/2.2.3/lib/ruby/gems/2.2.0/gems/actionpack-5.0.0.1/lib/action_dispatch/middleware/templates/rescues/_request_and_response.html.erb
  Rendered /Users/paul/.rbenv/versions/2.2.3/lib/ruby/gems/2.2.0/gems/actionpack-5.0.0.1/lib/action_dispatch/middleware/templates/rescues/_request_and_response.html.erb (1.8ms)
  Rendered /Users/paul/.rbenv/versions/2.2.3/lib/ruby/gems/2.2.0/gems/actionpack-5.0.0.1/lib/action_dispatch/middleware/templates/rescues/template_error.html.erb within rescues/layout (110.7ms)
Started GET "/users/sign_in" for ::1 at 2016-09-30 12:18:19 -0700
Processing by Devise::SessionsController#new as HTML
  Rendering /Users/paul/.rbenv/versions/2.2.3/lib/ruby/gems/2.2.0/gems/devise-4.2.0/app/views/devise/sessions/new.html.erb within layouts/application
  Rendered /Users/paul/.rbenv/versions/2.2.3/lib/ruby/gems/2.2.0/gems/devise-4.2.0/app/views/devise/shared/_links.html.erb (1.7ms)
  Rendered /Users/paul/.rbenv/versions/2.2.3/lib/ruby/gems/2.2.0/gems/devise-4.2.0/app/views/devise/sessions/new.html.erb within layouts/application (37.6ms)
Completed 500 Internal Server Error in 78ms (ActiveRecord: 0.0ms)


  
ActionView::Template::Error (undefined local variable or method `logout_path' for #<#<Class:0x007fadf9f3eab8>:0x007fadff4bfed8>):
    16:         </div>
    17:     <% else %>
    18:       <div style='float: right;'>
    19:         <%= link_to "Logout", logout_path, method: :delete %> 
    20:       </div>
    21:     <% end %>
    22: 
  
app/views/layouts/application.html.erb:19:in `_app_views_layouts_application_html_erb___904313542537449023_70192644629780'
  Rendering /Users/paul/.rbenv/versions/2.2.3/lib/ruby/gems/2.2.0/gems/actionpack-5.0.0.1/lib/action_dispatch/middleware/templates/rescues/template_error.html.erb within rescues/layout
  Rendering /Users/paul/.rbenv/versions/2.2.3/lib/ruby/gems/2.2.0/gems/actionpack-5.0.0.1/lib/action_dispatch/middleware/templates/rescues/_source.html.erb
  Rendered /Users/paul/.rbenv/versions/2.2.3/lib/ruby/gems/2.2.0/gems/actionpack-5.0.0.1/lib/action_dispatch/middleware/templates/rescues/_source.html.erb (13.1ms)
  Rendering /Users/paul/.rbenv/versions/2.2.3/lib/ruby/gems/2.2.0/gems/actionpack-5.0.0.1/lib/action_dispatch/middleware/templates/rescues/_trace.html.erb
  Rendered /Users/paul/.rbenv/versions/2.2.3/lib/ruby/gems/2.2.0/gems/actionpack-5.0.0.1/lib/action_dispatch/middleware/templates/rescues/_trace.html.erb (5.2ms)
  Rendering /Users/paul/.rbenv/versions/2.2.3/lib/ruby/gems/2.2.0/gems/actionpack-5.0.0.1/lib/action_dispatch/middleware/templates/rescues/_request_and_response.html.erb
  Rendered /Users/paul/.rbenv/versions/2.2.3/lib/ruby/gems/2.2.0/gems/actionpack-5.0.0.1/lib/action_dispatch/middleware/templates/rescues/_request_and_response.html.erb (1.8ms)
  Rendered /Users/paul/.rbenv/versions/2.2.3/lib/ruby/gems/2.2.0/gems/actionpack-5.0.0.1/lib/action_dispatch/middleware/templates/rescues/template_error.html.erb within rescues/layout (107.4ms)
Started GET "/users/sign_in" for ::1 at 2016-09-30 12:19:16 -0700
Processing by Devise::SessionsController#new as HTML
  Rendering /Users/paul/.rbenv/versions/2.2.3/lib/ruby/gems/2.2.0/gems/devise-4.2.0/app/views/devise/sessions/new.html.erb within layouts/application
  Rendered /Users/paul/.rbenv/versions/2.2.3/lib/ruby/gems/2.2.0/gems/devise-4.2.0/app/views/devise/shared/_links.html.erb (1.2ms)
  Rendered /Users/paul/.rbenv/versions/2.2.3/lib/ruby/gems/2.2.0/gems/devise-4.2.0/app/views/devise/sessions/new.html.erb within layouts/application (8.3ms)
Completed 500 Internal Server Error in 43ms (ActiveRecord: 0.0ms)


  
ActionView::Template::Error (undefined local variable or method `new_user_registration' for #<#<Class:0x007fadf9f3eab8>:0x007fadff2ba278>):
    16:         </div>
    17:     <% else %>
    18:       <div style='float: right;'>
    19:         <%= link_to "Register", new_user_registration, method: :get %> 
    20:       </div>
    21:     <% end %>
    22: 
  
app/views/layouts/application.html.erb:19:in `_app_views_layouts_application_html_erb___904313542537449023_70192643634660'
  Rendering /Users/paul/.rbenv/versions/2.2.3/lib/ruby/gems/2.2.0/gems/actionpack-5.0.0.1/lib/action_dispatch/middleware/templates/rescues/template_error.html.erb within rescues/layout
  Rendering /Users/paul/.rbenv/versions/2.2.3/lib/ruby/gems/2.2.0/gems/actionpack-5.0.0.1/lib/action_dispatch/middleware/templates/rescues/_source.html.erb
  Rendered /Users/paul/.rbenv/versions/2.2.3/lib/ruby/gems/2.2.0/gems/actionpack-5.0.0.1/lib/action_dispatch/middleware/templates/rescues/_source.html.erb (9.0ms)
  Rendering /Users/paul/.rbenv/versions/2.2.3/lib/ruby/gems/2.2.0/gems/actionpack-5.0.0.1/lib/action_dispatch/middleware/templates/rescues/_trace.html.erb
  Rendered /Users/paul/.rbenv/versions/2.2.3/lib/ruby/gems/2.2.0/gems/actionpack-5.0.0.1/lib/action_dispatch/middleware/templates/rescues/_trace.html.erb (6.5ms)
  Rendering /Users/paul/.rbenv/versions/2.2.3/lib/ruby/gems/2.2.0/gems/actionpack-5.0.0.1/lib/action_dispatch/middleware/templates/rescues/_request_and_response.html.erb
  Rendered /Users/paul/.rbenv/versions/2.2.3/lib/ruby/gems/2.2.0/gems/actionpack-5.0.0.1/lib/action_dispatch/middleware/templates/rescues/_request_and_response.html.erb (1.1ms)
  Rendered /Users/paul/.rbenv/versions/2.2.3/lib/ruby/gems/2.2.0/gems/actionpack-5.0.0.1/lib/action_dispatch/middleware/templates/rescues/template_error.html.erb within rescues/layout (93.4ms)
Started GET "/users/sign_in" for ::1 at 2016-09-30 12:20:17 -0700
Processing by Devise::SessionsController#new as HTML
  Rendering /Users/paul/.rbenv/versions/2.2.3/lib/ruby/gems/2.2.0/gems/devise-4.2.0/app/views/devise/sessions/new.html.erb within layouts/application
  Rendered /Users/paul/.rbenv/versions/2.2.3/lib/ruby/gems/2.2.0/gems/devise-4.2.0/app/views/devise/shared/_links.html.erb (1.2ms)
  Rendered /Users/paul/.rbenv/versions/2.2.3/lib/ruby/gems/2.2.0/gems/devise-4.2.0/app/views/devise/sessions/new.html.erb within layouts/application (10.6ms)
Completed 200 OK in 41ms (Views: 39.4ms | ActiveRecord: 0.0ms)


Started GET "/" for ::1 at 2016-09-30 12:20:26 -0700
Processing by DealingsController#index as HTML
Completed 401 Unauthorized in 1ms (ActiveRecord: 0.0ms)


Started GET "/users/sign_in" for ::1 at 2016-09-30 12:20:26 -0700
Processing by Devise::SessionsController#new as HTML
  Rendering /Users/paul/.rbenv/versions/2.2.3/lib/ruby/gems/2.2.0/gems/devise-4.2.0/app/views/devise/sessions/new.html.erb within layouts/application
  Rendered /Users/paul/.rbenv/versions/2.2.3/lib/ruby/gems/2.2.0/gems/devise-4.2.0/app/views/devise/shared/_links.html.erb (1.1ms)
  Rendered /Users/paul/.rbenv/versions/2.2.3/lib/ruby/gems/2.2.0/gems/devise-4.2.0/app/views/devise/sessions/new.html.erb within layouts/application (6.9ms)
Completed 200 OK in 38ms (Views: 36.5ms | ActiveRecord: 0.0ms)


Started GET "/users/sign_up" for ::1 at 2016-09-30 12:20:49 -0700
Processing by Devise::RegistrationsController#new as HTML
  Parameters: {"authenticity_token"=>"qPFocCO+VJhbm0hUwLNM80Gm6goRRSXEhcGDTpk2jJUX6farGpNOHw2nDrnmNHQCTP1K6/61jJqNN4v4epcuDQ=="}
  Rendering /Users/paul/.rbenv/versions/2.2.3/lib/ruby/gems/2.2.0/gems/devise-4.2.0/app/views/devise/registrations/new.html.erb within layouts/application
  Rendered /Users/paul/.rbenv/versions/2.2.3/lib/ruby/gems/2.2.0/gems/devise-4.2.0/app/views/devise/shared/_links.html.erb (1.5ms)
  Rendered /Users/paul/.rbenv/versions/2.2.3/lib/ruby/gems/2.2.0/gems/devise-4.2.0/app/views/devise/registrations/new.html.erb within layouts/application (8.7ms)
Completed 200 OK in 39ms (Views: 37.5ms | ActiveRecord: 0.0ms)


Started GET "/users/sign_in" for ::1 at 2016-09-30 12:21:15 -0700
Processing by Devise::SessionsController#new as HTML
  Rendering /Users/paul/.rbenv/versions/2.2.3/lib/ruby/gems/2.2.0/gems/devise-4.2.0/app/views/devise/sessions/new.html.erb within layouts/application
  Rendered /Users/paul/.rbenv/versions/2.2.3/lib/ruby/gems/2.2.0/gems/devise-4.2.0/app/views/devise/shared/_links.html.erb (1.4ms)
  Rendered /Users/paul/.rbenv/versions/2.2.3/lib/ruby/gems/2.2.0/gems/devise-4.2.0/app/views/devise/sessions/new.html.erb within layouts/application (8.2ms)
Completed 200 OK in 49ms (Views: 47.6ms | ActiveRecord: 0.0ms)


Started POST "/users/sign_in" for ::1 at 2016-09-30 12:21:16 -0700
Processing by Devise::SessionsController#create as HTML
  Parameters: {"utf8"=>"✓", "authenticity_token"=>"Gc7gdY15twWpuhT5OgorfnLKWSi1lZXAcvzkq2/G5Oy5ez9gexIXfAHRqs2gOdZ9yXOY1lQvsDMx52QhfLP23A==", "user"=>{"email"=>"paul.blizzard@gmail.com", "password"=>"[FILTERED]", "remember_me"=>"0"}, "commit"=>"Log in"}
  [1m[36mUser Load (0.2ms)[0m  [1m[34mSELECT  "users".* FROM "users" WHERE "users"."email" = ? ORDER BY "users"."id" ASC LIMIT ?[0m  [["email", "paul.blizzard@gmail.com"], ["LIMIT", 1]]
Completed 401 Unauthorized in 5ms (ActiveRecord: 0.2ms)


Processing by Devise::SessionsController#new as HTML
  Parameters: {"utf8"=>"✓", "authenticity_token"=>"Gc7gdY15twWpuhT5OgorfnLKWSi1lZXAcvzkq2/G5Oy5ez9gexIXfAHRqs2gOdZ9yXOY1lQvsDMx52QhfLP23A==", "user"=>{"email"=>"paul.blizzard@gmail.com", "password"=>"[FILTERED]", "remember_me"=>"0"}, "commit"=>"Log in"}
  Rendering /Users/paul/.rbenv/versions/2.2.3/lib/ruby/gems/2.2.0/gems/devise-4.2.0/app/views/devise/sessions/new.html.erb within layouts/application
  Rendered /Users/paul/.rbenv/versions/2.2.3/lib/ruby/gems/2.2.0/gems/devise-4.2.0/app/views/devise/shared/_links.html.erb (1.8ms)
  Rendered /Users/paul/.rbenv/versions/2.2.3/lib/ruby/gems/2.2.0/gems/devise-4.2.0/app/views/devise/sessions/new.html.erb within layouts/application (9.6ms)
Completed 200 OK in 212ms (Views: 52.6ms | ActiveRecord: 0.0ms)


Started POST "/users/sign_in" for ::1 at 2016-09-30 12:21:22 -0700
Processing by Devise::SessionsController#create as HTML
  Parameters: {"utf8"=>"✓", "authenticity_token"=>"vFrWdyHX2245Ckv+l4fXRIJlxELqYKrG6F/gSw4XdYYDQkisGPrB6W82DROxAO+1jz5kowWQA5jgqej97bbXHg==", "user"=>{"email"=>"paul.blizzard@gmail.com", "password"=>"[FILTERED]", "remember_me"=>"0"}, "commit"=>"Log in"}
  [1m[36mUser Load (0.4ms)[0m  [1m[34mSELECT  "users".* FROM "users" WHERE "users"."email" = ? ORDER BY "users"."id" ASC LIMIT ?[0m  [["email", "paul.blizzard@gmail.com"], ["LIMIT", 1]]
Completed 401 Unauthorized in 3ms (ActiveRecord: 0.4ms)


Processing by Devise::SessionsController#new as HTML
  Parameters: {"utf8"=>"✓", "authenticity_token"=>"vFrWdyHX2245Ckv+l4fXRIJlxELqYKrG6F/gSw4XdYYDQkisGPrB6W82DROxAO+1jz5kowWQA5jgqej97bbXHg==", "user"=>{"email"=>"paul.blizzard@gmail.com", "password"=>"[FILTERED]", "remember_me"=>"0"}, "commit"=>"Log in"}
  Rendering /Users/paul/.rbenv/versions/2.2.3/lib/ruby/gems/2.2.0/gems/devise-4.2.0/app/views/devise/sessions/new.html.erb within layouts/application
  Rendered /Users/paul/.rbenv/versions/2.2.3/lib/ruby/gems/2.2.0/gems/devise-4.2.0/app/views/devise/shared/_links.html.erb (1.3ms)
  Rendered /Users/paul/.rbenv/versions/2.2.3/lib/ruby/gems/2.2.0/gems/devise-4.2.0/app/views/devise/sessions/new.html.erb within layouts/application (7.9ms)
Completed 200 OK in 183ms (Views: 35.7ms | ActiveRecord: 0.0ms)


Started GET "/" for ::1 at 2016-09-30 12:21:38 -0700
Processing by DealingsController#index as HTML
Completed 401 Unauthorized in 1ms (ActiveRecord: 0.0ms)


Started GET "/users/sign_in" for ::1 at 2016-09-30 12:21:38 -0700
Processing by Devise::SessionsController#new as HTML
  Rendering /Users/paul/.rbenv/versions/2.2.3/lib/ruby/gems/2.2.0/gems/devise-4.2.0/app/views/devise/sessions/new.html.erb within layouts/application
  Rendered /Users/paul/.rbenv/versions/2.2.3/lib/ruby/gems/2.2.0/gems/devise-4.2.0/app/views/devise/shared/_links.html.erb (1.0ms)
  Rendered /Users/paul/.rbenv/versions/2.2.3/lib/ruby/gems/2.2.0/gems/devise-4.2.0/app/views/devise/sessions/new.html.erb within layouts/application (7.6ms)
Completed 200 OK in 38ms (Views: 36.0ms | ActiveRecord: 0.0ms)


Started POST "/users/sign_in" for ::1 at 2016-09-30 12:21:44 -0700
Processing by Devise::SessionsController#create as HTML
  Parameters: {"utf8"=>"✓", "authenticity_token"=>"d1xZdB1HMMHIkH2NEjEZeSW3lZQFwp1bGWnzhOpmPi/IRMevJGoqRp6sO2A0tiGIKOw1deoyNAURn/syCcectw==", "user"=>{"email"=>"paul.blizzard@gmail.com", "password"=>"[FILTERED]", "remember_me"=>"0"}, "commit"=>"Log in"}
  [1m[36mUser Load (0.3ms)[0m  [1m[34mSELECT  "users".* FROM "users" WHERE "users"."email" = ? ORDER BY "users"."id" ASC LIMIT ?[0m  [["email", "paul.blizzard@gmail.com"], ["LIMIT", 1]]
Completed 401 Unauthorized in 3ms (ActiveRecord: 0.3ms)


Processing by Devise::SessionsController#new as HTML
  Parameters: {"utf8"=>"✓", "authenticity_token"=>"d1xZdB1HMMHIkH2NEjEZeSW3lZQFwp1bGWnzhOpmPi/IRMevJGoqRp6sO2A0tiGIKOw1deoyNAURn/syCcectw==", "user"=>{"email"=>"paul.blizzard@gmail.com", "password"=>"[FILTERED]", "remember_me"=>"0"}, "commit"=>"Log in"}
  Rendering /Users/paul/.rbenv/versions/2.2.3/lib/ruby/gems/2.2.0/gems/devise-4.2.0/app/views/devise/sessions/new.html.erb within layouts/application
  Rendered /Users/paul/.rbenv/versions/2.2.3/lib/ruby/gems/2.2.0/gems/devise-4.2.0/app/views/devise/shared/_links.html.erb (1.2ms)
  Rendered /Users/paul/.rbenv/versions/2.2.3/lib/ruby/gems/2.2.0/gems/devise-4.2.0/app/views/devise/sessions/new.html.erb within layouts/application (7.4ms)
Completed 200 OK in 188ms (Views: 36.0ms | ActiveRecord: 0.0ms)


Started GET "/" for ::1 at 2016-09-30 12:21:47 -0700
Processing by DealingsController#index as HTML
Completed 401 Unauthorized in 1ms (ActiveRecord: 0.0ms)


Started GET "/users/sign_in" for ::1 at 2016-09-30 12:21:47 -0700
Processing by Devise::SessionsController#new as HTML
  Rendering /Users/paul/.rbenv/versions/2.2.3/lib/ruby/gems/2.2.0/gems/devise-4.2.0/app/views/devise/sessions/new.html.erb within layouts/application
  Rendered /Users/paul/.rbenv/versions/2.2.3/lib/ruby/gems/2.2.0/gems/devise-4.2.0/app/views/devise/shared/_links.html.erb (2.0ms)
  Rendered /Users/paul/.rbenv/versions/2.2.3/lib/ruby/gems/2.2.0/gems/devise-4.2.0/app/views/devise/sessions/new.html.erb within layouts/application (8.3ms)
Completed 200 OK in 43ms (Views: 42.0ms | ActiveRecord: 0.0ms)


Started GET "/users/sign_in" for ::1 at 2016-09-30 12:23:04 -0700
Processing by Devise::SessionsController#new as HTML
  Rendering /Users/paul/.rbenv/versions/2.2.3/lib/ruby/gems/2.2.0/gems/devise-4.2.0/app/views/devise/sessions/new.html.erb within layouts/application
  Rendered /Users/paul/.rbenv/versions/2.2.3/lib/ruby/gems/2.2.0/gems/devise-4.2.0/app/views/devise/shared/_links.html.erb (2.5ms)
  Rendered /Users/paul/.rbenv/versions/2.2.3/lib/ruby/gems/2.2.0/gems/devise-4.2.0/app/views/devise/sessions/new.html.erb within layouts/application (8.8ms)
Completed 200 OK in 47ms (Views: 45.2ms | ActiveRecord: 0.0ms)


Started GET "/users/sign_in" for ::1 at 2016-09-30 12:23:08 -0700
Processing by Devise::SessionsController#new as HTML
  Parameters: {"authenticity_token"=>"TfqkA9srP6Bagm5h0/1GhKGFSu4aHHCNRWAHh3Vfdk7y4jrY4gYlJwy+KIz1en51rN7qD/Xs2dNNlg8xlv7U1g=="}
  Rendering /Users/paul/.rbenv/versions/2.2.3/lib/ruby/gems/2.2.0/gems/devise-4.2.0/app/views/devise/sessions/new.html.erb within layouts/application
  Rendered /Users/paul/.rbenv/versions/2.2.3/lib/ruby/gems/2.2.0/gems/devise-4.2.0/app/views/devise/shared/_links.html.erb (1.4ms)
  Rendered /Users/paul/.rbenv/versions/2.2.3/lib/ruby/gems/2.2.0/gems/devise-4.2.0/app/views/devise/sessions/new.html.erb within layouts/application (7.0ms)
Completed 200 OK in 37ms (Views: 35.2ms | ActiveRecord: 0.0ms)


Started POST "/users/sign_in" for ::1 at 2016-09-30 12:23:12 -0700
Processing by Devise::SessionsController#create as HTML
  Parameters: {"utf8"=>"✓", "authenticity_token"=>"wXE8YGldZND11ar6LaAbXItNBTTe8o1UDA/G8q3/wvl+aaK7UHB+V6Pp7BcLJyOthhal1TECJAoE+c5ETl5gYQ==", "user"=>{"email"=>"paul.blizzard@gmail.com", "password"=>"[FILTERED]", "remember_me"=>"0"}, "commit"=>"Log in"}
Completed 401 Unauthorized in 1ms (ActiveRecord: 0.0ms)


Processing by Devise::SessionsController#new as HTML
  Parameters: {"utf8"=>"✓", "authenticity_token"=>"wXE8YGldZND11ar6LaAbXItNBTTe8o1UDA/G8q3/wvl+aaK7UHB+V6Pp7BcLJyOthhal1TECJAoE+c5ETl5gYQ==", "user"=>{"email"=>"paul.blizzard@gmail.com", "password"=>"[FILTERED]", "remember_me"=>"0"}, "commit"=>"Log in"}
  Rendering /Users/paul/.rbenv/versions/2.2.3/lib/ruby/gems/2.2.0/gems/devise-4.2.0/app/views/devise/sessions/new.html.erb within layouts/application
  Rendered /Users/paul/.rbenv/versions/2.2.3/lib/ruby/gems/2.2.0/gems/devise-4.2.0/app/views/devise/shared/_links.html.erb (1.1ms)
  Rendered /Users/paul/.rbenv/versions/2.2.3/lib/ruby/gems/2.2.0/gems/devise-4.2.0/app/views/devise/sessions/new.html.erb within layouts/application (8.0ms)
Completed 200 OK in 35ms (Views: 34.2ms | ActiveRecord: 0.0ms)


Started POST "/users/sign_in" for ::1 at 2016-09-30 12:23:17 -0700
Processing by Devise::SessionsController#create as HTML
  Parameters: {"utf8"=>"✓", "authenticity_token"=>"ewxtWG2zbl5OV0LYdf9Niq+QxWmMj8ZRFw/7zdBt/AjEFPODVJ502RhrBDVTeHV7ostliGN/bw8f+fN7M8xekA==", "user"=>{"email"=>"paul.blizzard@gmail.com", "password"=>"[FILTERED]", "remember_me"=>"0"}, "commit"=>"Log in"}
  [1m[36mUser Load (0.4ms)[0m  [1m[34mSELECT  "users".* FROM "users" WHERE "users"."email" = ? ORDER BY "users"."id" ASC LIMIT ?[0m  [["email", "paul.blizzard@gmail.com"], ["LIMIT", 1]]
Completed 401 Unauthorized in 2ms (ActiveRecord: 0.4ms)


Processing by Devise::SessionsController#new as HTML
  Parameters: {"utf8"=>"✓", "authenticity_token"=>"ewxtWG2zbl5OV0LYdf9Niq+QxWmMj8ZRFw/7zdBt/AjEFPODVJ502RhrBDVTeHV7ostliGN/bw8f+fN7M8xekA==", "user"=>{"email"=>"paul.blizzard@gmail.com", "password"=>"[FILTERED]", "remember_me"=>"0"}, "commit"=>"Log in"}
  Rendering /Users/paul/.rbenv/versions/2.2.3/lib/ruby/gems/2.2.0/gems/devise-4.2.0/app/views/devise/sessions/new.html.erb within layouts/application
  Rendered /Users/paul/.rbenv/versions/2.2.3/lib/ruby/gems/2.2.0/gems/devise-4.2.0/app/views/devise/shared/_links.html.erb (1.7ms)
  Rendered /Users/paul/.rbenv/versions/2.2.3/lib/ruby/gems/2.2.0/gems/devise-4.2.0/app/views/devise/sessions/new.html.erb within layouts/application (15.7ms)
Completed 200 OK in 195ms (Views: 45.4ms | ActiveRecord: 0.0ms)


Started GET "/users/sign_up" for ::1 at 2016-09-30 12:23:20 -0700
Processing by Devise::RegistrationsController#new as HTML
  Rendering /Users/paul/.rbenv/versions/2.2.3/lib/ruby/gems/2.2.0/gems/devise-4.2.0/app/views/devise/registrations/new.html.erb within layouts/application
  Rendered /Users/paul/.rbenv/versions/2.2.3/lib/ruby/gems/2.2.0/gems/devise-4.2.0/app/views/devise/shared/_links.html.erb (1.7ms)
  Rendered /Users/paul/.rbenv/versions/2.2.3/lib/ruby/gems/2.2.0/gems/devise-4.2.0/app/views/devise/registrations/new.html.erb within layouts/application (8.6ms)
Completed 200 OK in 42ms (Views: 41.5ms | ActiveRecord: 0.0ms)


Started POST "/users" for ::1 at 2016-09-30 12:23:28 -0700
Processing by Devise::RegistrationsController#create as HTML
  Parameters: {"utf8"=>"✓", "authenticity_token"=>"1heDv7OnLPbWkgm+2q8SctDgFHTLOwJS4it2/hwIbtAWOnYlM4NWOPUJtMhjqUmpifUQazHdAYbM2fOPAQlOMw==", "user"=>{"email"=>"paul.blizzard@gmail.com", "password"=>"[FILTERED]", "password_confirmation"=>"[FILTERED]"}, "commit"=>"Sign up"}
  [1m[35m (0.1ms)[0m  [1m[36mbegin transaction[0m
  [1m[36mUser Exists (0.2ms)[0m  [1m[34mSELECT  1 AS one FROM "users" WHERE "users"."email" = ? LIMIT ?[0m  [["email", "paul.blizzard@gmail.com"], ["LIMIT", 1]]
  [1m[35mSQL (0.3ms)[0m  [1m[32mINSERT INTO "users" ("email", "encrypted_password", "created_at", "updated_at") VALUES (?, ?, ?, ?)[0m  [["email", "paul.blizzard@gmail.com"], ["encrypted_password", "$2a$11$5R8WRO5agiGEU25R1ZcJaO95Hd73.Vd0TFhLT4Akezrv8coUozojq"], ["created_at", 2016-09-30 19:23:28 UTC], ["updated_at", 2016-09-30 19:23:28 UTC]]
  [1m[35m (3.5ms)[0m  [1m[36mcommit transaction[0m
  [1m[35m (0.1ms)[0m  [1m[36mbegin transaction[0m
  [1m[35mSQL (0.6ms)[0m  [1m[33mUPDATE "users" SET "sign_in_count" = ?, "current_sign_in_at" = ?, "last_sign_in_at" = ?, "current_sign_in_ip" = ?, "last_sign_in_ip" = ?, "updated_at" = ? WHERE "users"."id" = ?[0m  [["sign_in_count", 1], ["current_sign_in_at", 2016-09-30 19:23:28 UTC], ["last_sign_in_at", 2016-09-30 19:23:28 UTC], ["current_sign_in_ip", "::1"], ["last_sign_in_ip", "::1"], ["updated_at", 2016-09-30 19:23:28 UTC], ["id", 1]]
  [1m[35m (0.9ms)[0m  [1m[36mcommit transaction[0m
Redirected to http://localhost:3000/
Completed 302 Found in 180ms (ActiveRecord: 5.8ms)


Started GET "/" for ::1 at 2016-09-30 12:23:28 -0700
Processing by DealingsController#index as HTML
  [1m[36mUser Load (0.2ms)[0m  [1m[34mSELECT  "users".* FROM "users" WHERE "users"."id" = ? ORDER BY "users"."id" ASC LIMIT ?[0m  [["id", 1], ["LIMIT", 1]]
  Rendering dealings/index.html.erb within layouts/application
  [1m[36mDealing Load (0.1ms)[0m  [1m[34mSELECT "dealings".* FROM "dealings"[0m
  Rendered dealings/index.html.erb within layouts/application (2.2ms)
Completed 200 OK in 32ms (Views: 26.9ms | ActiveRecord: 0.6ms)


Started DELETE "/users/sign_out" for ::1 at 2016-09-30 12:24:15 -0700
Processing by Devise::SessionsController#destroy as HTML
  Parameters: {"authenticity_token"=>"N5S8udm+steLtvWxxTUqnvUyONcFKIBHolE9ugd2YxeIjCJi4JOoUN2Ks1zjshJv+GmYNurYKRmqpzUM5NfBjw=="}
  [1m[36mUser Load (0.4ms)[0m  [1m[34mSELECT  "users".* FROM "users" WHERE "users"."id" = ? ORDER BY "users"."id" ASC LIMIT ?[0m  [["id", 1], ["LIMIT", 1]]
  [1m[35m (0.1ms)[0m  [1m[36mbegin transaction[0m
  [1m[35m (0.1ms)[0m  [1m[36mcommit transaction[0m
Redirected to http://localhost:3000/
Completed 302 Found in 9ms (ActiveRecord: 0.5ms)


Started GET "/" for ::1 at 2016-09-30 12:24:15 -0700
Processing by DealingsController#index as HTML
Completed 401 Unauthorized in 1ms (ActiveRecord: 0.0ms)


Started GET "/users/sign_in" for ::1 at 2016-09-30 12:24:15 -0700
Processing by Devise::SessionsController#new as HTML
  Rendering /Users/paul/.rbenv/versions/2.2.3/lib/ruby/gems/2.2.0/gems/devise-4.2.0/app/views/devise/sessions/new.html.erb within layouts/application
  Rendered /Users/paul/.rbenv/versions/2.2.3/lib/ruby/gems/2.2.0/gems/devise-4.2.0/app/views/devise/shared/_links.html.erb (0.9ms)
  Rendered /Users/paul/.rbenv/versions/2.2.3/lib/ruby/gems/2.2.0/gems/devise-4.2.0/app/views/devise/sessions/new.html.erb within layouts/application (6.3ms)
Completed 200 OK in 40ms (Views: 39.3ms | ActiveRecord: 0.0ms)


Started POST "/users/sign_in" for ::1 at 2016-09-30 12:24:18 -0700
Processing by Devise::SessionsController#create as HTML
  Parameters: {"utf8"=>"✓", "authenticity_token"=>"sgWXZMEYtDSnjACjG4FG4gS2Si2GteiyHpXCNZzOZ5HBV04geHqB2T3zRuou01yZ0QRkotw0GRyyCcpcjyC70Q==", "user"=>{"email"=>"paul.blizzard@gmail.com", "password"=>"[FILTERED]", "remember_me"=>"0"}, "commit"=>"Log in"}
  [1m[36mUser Load (0.3ms)[0m  [1m[34mSELECT  "users".* FROM "users" WHERE "users"."email" = ? ORDER BY "users"."id" ASC LIMIT ?[0m  [["email", "paul.blizzard@gmail.com"], ["LIMIT", 1]]
  [1m[35m (0.2ms)[0m  [1m[36mbegin transaction[0m
  [1m[35mSQL (0.4ms)[0m  [1m[33mUPDATE "users" SET "current_sign_in_at" = ?, "sign_in_count" = ?, "updated_at" = ? WHERE "users"."id" = ?[0m  [["current_sign_in_at", 2016-09-30 19:24:18 UTC], ["sign_in_count", 2], ["updated_at", 2016-09-30 19:24:18 UTC], ["id", 1]]
  [1m[35m (2.6ms)[0m  [1m[36mcommit transaction[0m
Redirected to http://localhost:3000/
Completed 302 Found in 168ms (ActiveRecord: 3.5ms)


Started GET "/" for ::1 at 2016-09-30 12:24:18 -0700
Processing by DealingsController#index as HTML
  [1m[36mUser Load (0.2ms)[0m  [1m[34mSELECT  "users".* FROM "users" WHERE "users"."id" = ? ORDER BY "users"."id" ASC LIMIT ?[0m  [["id", 1], ["LIMIT", 1]]
  Rendering dealings/index.html.erb within layouts/application
  [1m[36mDealing Load (0.3ms)[0m  [1m[34mSELECT "dealings".* FROM "dealings"[0m
  Rendered dealings/index.html.erb within layouts/application (2.4ms)
Completed 200 OK in 28ms (Views: 24.3ms | ActiveRecord: 0.5ms)


Started DELETE "/users/sign_out" for ::1 at 2016-09-30 12:24:22 -0700
Processing by Devise::SessionsController#destroy as HTML
  Parameters: {"authenticity_token"=>"gNHK9K8GcBH+mx96osLsNR2ON/6kc99ePQWxa7gsEO+CXXOd7U3jL4LroksBVGiralkMi5CYgrL7YlKiTlt/LA=="}
  [1m[36mUser Load (0.2ms)[0m  [1m[34mSELECT  "users".* FROM "users" WHERE "users"."id" = ? ORDER BY "users"."id" ASC LIMIT ?[0m  [["id", 1], ["LIMIT", 1]]
  [1m[35m (0.0ms)[0m  [1m[36mbegin transaction[0m
  [1m[35m (0.1ms)[0m  [1m[36mcommit transaction[0m
Redirected to http://localhost:3000/
Completed 302 Found in 4ms (ActiveRecord: 0.3ms)


Started GET "/" for ::1 at 2016-09-30 12:24:22 -0700
Processing by DealingsController#index as HTML
Completed 401 Unauthorized in 1ms (ActiveRecord: 0.0ms)


Started GET "/users/sign_in" for ::1 at 2016-09-30 12:24:22 -0700
Processing by Devise::SessionsController#new as HTML
  Rendering /Users/paul/.rbenv/versions/2.2.3/lib/ruby/gems/2.2.0/gems/devise-4.2.0/app/views/devise/sessions/new.html.erb within layouts/application
  Rendered /Users/paul/.rbenv/versions/2.2.3/lib/ruby/gems/2.2.0/gems/devise-4.2.0/app/views/devise/shared/_links.html.erb (1.2ms)
  Rendered /Users/paul/.rbenv/versions/2.2.3/lib/ruby/gems/2.2.0/gems/devise-4.2.0/app/views/devise/sessions/new.html.erb within layouts/application (7.7ms)
Completed 200 OK in 43ms (Views: 41.1ms | ActiveRecord: 0.0ms)


Started POST "/users/sign_in" for ::1 at 2016-09-30 12:25:10 -0700
Processing by Devise::SessionsController#create as HTML
  Parameters: {"utf8"=>"✓", "authenticity_token"=>"IeDwkQ/KstEbI+wpO5Vrnux8rEc72Q/naI+jiNEQTHrjvP0Bs32zHbEOEYLrKuej+rW5j0zuXE4mqelaKmHD6g==", "user"=>{"email"=>"paul.blizzard@gmail.com", "password"=>"[FILTERED]", "remember_me"=>"0"}, "commit"=>"Log in"}
  [1m[36mUser Load (0.2ms)[0m  [1m[34mSELECT  "users".* FROM "users" WHERE "users"."email" = ? ORDER BY "users"."id" ASC LIMIT ?[0m  [["email", "paul.blizzard@gmail.com"], ["LIMIT", 1]]
  [1m[35m (0.1ms)[0m  [1m[36mbegin transaction[0m
  [1m[35mSQL (0.4ms)[0m  [1m[33mUPDATE "users" SET "current_sign_in_at" = ?, "last_sign_in_at" = ?, "sign_in_count" = ?, "updated_at" = ? WHERE "users"."id" = ?[0m  [["current_sign_in_at", 2016-09-30 19:25:10 UTC], ["last_sign_in_at", 2016-09-30 19:24:18 UTC], ["sign_in_count", 3], ["updated_at", 2016-09-30 19:25:10 UTC], ["id", 1]]
  [1m[35m (1.9ms)[0m  [1m[36mcommit transaction[0m
Redirected to http://localhost:3000/
Completed 302 Found in 167ms (ActiveRecord: 2.5ms)


Started GET "/" for ::1 at 2016-09-30 12:25:11 -0700
Processing by DealingsController#index as HTML
  [1m[36mUser Load (0.2ms)[0m  [1m[34mSELECT  "users".* FROM "users" WHERE "users"."id" = ? ORDER BY "users"."id" ASC LIMIT ?[0m  [["id", 1], ["LIMIT", 1]]
  Rendering dealings/index.html.erb within layouts/application
  [1m[36mDealing Load (0.3ms)[0m  [1m[34mSELECT "dealings".* FROM "dealings"[0m
  Rendered dealings/index.html.erb within layouts/application (2.9ms)
Completed 200 OK in 33ms (Views: 28.7ms | ActiveRecord: 0.5ms)


Started DELETE "/users/sign_out" for ::1 at 2016-09-30 12:25:18 -0700
Processing by Devise::SessionsController#destroy as HTML
  Parameters: {"authenticity_token"=>"OAQ0vrvC7FvZQilh/OdCHcXARxwHBnfQr6byP08kx2jtBthbq9tJBfzmTyDBRzVaKLb/u/Ndogo43mQ2YXV4xA=="}
  [1m[36mUser Load (0.2ms)[0m  [1m[34mSELECT  "users".* FROM "users" WHERE "users"."id" = ? ORDER BY "users"."id" ASC LIMIT ?[0m  [["id", 1], ["LIMIT", 1]]
  [1m[35m (0.1ms)[0m  [1m[36mbegin transaction[0m
  [1m[35m (0.1ms)[0m  [1m[36mcommit transaction[0m
Redirected to http://localhost:3000/
Completed 302 Found in 4ms (ActiveRecord: 0.3ms)


Started GET "/" for ::1 at 2016-09-30 12:25:18 -0700
Processing by DealingsController#index as HTML
Completed 401 Unauthorized in 1ms (ActiveRecord: 0.0ms)


Started GET "/users/sign_in" for ::1 at 2016-09-30 12:25:18 -0700
Processing by Devise::SessionsController#new as HTML
  Rendering /Users/paul/.rbenv/versions/2.2.3/lib/ruby/gems/2.2.0/gems/devise-4.2.0/app/views/devise/sessions/new.html.erb within layouts/application
  Rendered /Users/paul/.rbenv/versions/2.2.3/lib/ruby/gems/2.2.0/gems/devise-4.2.0/app/views/devise/shared/_links.html.erb (0.9ms)
  Rendered /Users/paul/.rbenv/versions/2.2.3/lib/ruby/gems/2.2.0/gems/devise-4.2.0/app/views/devise/sessions/new.html.erb within layouts/application (6.1ms)
Completed 200 OK in 34ms (Views: 32.9ms | ActiveRecord: 0.0ms)


Started POST "/users/sign_in" for ::1 at 2016-09-30 12:25:20 -0700
Processing by Devise::SessionsController#create as HTML
  Parameters: {"utf8"=>"✓", "authenticity_token"=>"tQ81RoA0odpHGlQ7ES0b3TMWdKE+Eiz4aas/DJt1Tm+6hKW1g9/mlDLl+7jRw7JS/HRxa2uLmcjXpRXBsdtCWQ==", "user"=>{"email"=>"paul.blizzard@gmail.com", "password"=>"[FILTERED]", "remember_me"=>"0"}, "commit"=>"Log in"}
  [1m[36mUser Load (0.3ms)[0m  [1m[34mSELECT  "users".* FROM "users" WHERE "users"."email" = ? ORDER BY "users"."id" ASC LIMIT ?[0m  [["email", "paul.blizzard@gmail.com"], ["LIMIT", 1]]
  [1m[35m (0.1ms)[0m  [1m[36mbegin transaction[0m
  [1m[35mSQL (0.4ms)[0m  [1m[33mUPDATE "users" SET "current_sign_in_at" = ?, "last_sign_in_at" = ?, "sign_in_count" = ?, "updated_at" = ? WHERE "users"."id" = ?[0m  [["current_sign_in_at", 2016-09-30 19:25:20 UTC], ["last_sign_in_at", 2016-09-30 19:25:10 UTC], ["sign_in_count", 4], ["updated_at", 2016-09-30 19:25:20 UTC], ["id", 1]]
  [1m[35m (2.3ms)[0m  [1m[36mcommit transaction[0m
Redirected to http://localhost:3000/
Completed 302 Found in 169ms (ActiveRecord: 3.0ms)


Started GET "/" for ::1 at 2016-09-30 12:25:20 -0700
Processing by DealingsController#index as HTML
  [1m[36mUser Load (0.2ms)[0m  [1m[34mSELECT  "users".* FROM "users" WHERE "users"."id" = ? ORDER BY "users"."id" ASC LIMIT ?[0m  [["id", 1], ["LIMIT", 1]]
  Rendering dealings/index.html.erb within layouts/application
  [1m[36mDealing Load (0.2ms)[0m  [1m[34mSELECT "dealings".* FROM "dealings"[0m
  Rendered dealings/index.html.erb within layouts/application (1.6ms)
Completed 200 OK in 31ms (Views: 27.8ms | ActiveRecord: 0.4ms)


